{"/home/randima/online-shopping-cart/shopping-cart-backend/src/application/cartService.ts": {"path":"/home/randima/online-shopping-cart/shopping-cart-backend/src/application/cartService.ts","statementMap":{"0":{"start":{"line":1,"column":0},"end":{"line":1,"column":33}},"1":{"start":{"line":4,"column":0},"end":{"line":4,"column":79}},"2":{"start":{"line":7,"column":0},"end":{"line":25,"column":null}},"3":{"start":{"line":8,"column":33},"end":{"line":8,"column":49}},"4":{"start":{"line":11,"column":8},"end":{"line":11,"column":71}},"5":{"start":{"line":15,"column":8},"end":{"line":15,"column":58}},"6":{"start":{"line":19,"column":8},"end":{"line":19,"column":null}},"7":{"start":{"line":23,"column":8},"end":{"line":23,"column":null}},"8":{"start":{"line":7,"column":13},"end":{"line":25,"column":null}},"9":{"start":{"line":7,"column":13},"end":{"line":7,"column":24}}},"fnMap":{"0":{"name":"(anonymous_9)","decl":{"start":{"line":8,"column":4},"end":{"line":8,"column":33}},"loc":{"start":{"line":8,"column":63},"end":{"line":8,"column":67}}},"1":{"name":"(anonymous_10)","decl":{"start":{"line":10,"column":10},"end":{"line":10,"column":26}},"loc":{"start":{"line":10,"column":43},"end":{"line":12,"column":null}}},"2":{"name":"(anonymous_12)","decl":{"start":{"line":14,"column":10},"end":{"line":14,"column":18}},"loc":{"start":{"line":14,"column":33},"end":{"line":16,"column":null}}},"3":{"name":"(anonymous_14)","decl":{"start":{"line":18,"column":10},"end":{"line":18,"column":31}},"loc":{"start":{"line":18,"column":65},"end":{"line":20,"column":null}}},"4":{"name":"(anonymous_16)","decl":{"start":{"line":22,"column":10},"end":{"line":22,"column":20}},"loc":{"start":{"line":22,"column":37},"end":{"line":24,"column":null}}}},"branchMap":{},"s":{"0":2,"1":2,"2":2,"3":1,"4":1,"5":1,"6":1,"7":1,"8":2,"9":2},"f":{"0":1,"1":1,"2":1,"3":1,"4":1},"b":{}}
,"/home/randima/online-shopping-cart/shopping-cart-backend/src/application/categoryService.ts": {"path":"/home/randima/online-shopping-cart/shopping-cart-backend/src/application/categoryService.ts","statementMap":{"0":{"start":{"line":1,"column":0},"end":{"line":1,"column":33}},"1":{"start":{"line":3,"column":0},"end":{"line":3,"column":87}},"2":{"start":{"line":7,"column":0},"end":{"line":21,"column":null}},"3":{"start":{"line":8,"column":33},"end":{"line":8,"column":53}},"4":{"start":{"line":11,"column":8},"end":{"line":11,"column":73}},"5":{"start":{"line":15,"column":8},"end":{"line":15,"column":64}},"6":{"start":{"line":19,"column":8},"end":{"line":19,"column":81}},"7":{"start":{"line":7,"column":13},"end":{"line":21,"column":null}},"8":{"start":{"line":7,"column":13},"end":{"line":7,"column":28}}},"fnMap":{"0":{"name":"(anonymous_9)","decl":{"start":{"line":8,"column":4},"end":{"line":8,"column":33}},"loc":{"start":{"line":8,"column":71},"end":{"line":8,"column":75}}},"1":{"name":"(anonymous_10)","decl":{"start":{"line":10,"column":10},"end":{"line":10,"column":25}},"loc":{"start":{"line":10,"column":44},"end":{"line":12,"column":null}}},"2":{"name":"(anonymous_12)","decl":{"start":{"line":14,"column":10},"end":{"line":14,"column":26}},"loc":{"start":{"line":14,"column":26},"end":{"line":16,"column":null}}},"3":{"name":"(anonymous_14)","decl":{"start":{"line":18,"column":10},"end":{"line":18,"column":33}},"loc":{"start":{"line":18,"column":52},"end":{"line":20,"column":null}}}},"branchMap":{},"s":{"0":2,"1":2,"2":2,"3":1,"4":1,"5":1,"6":1,"7":2,"8":2},"f":{"0":1,"1":1,"2":1,"3":1},"b":{}}
,"/home/randima/online-shopping-cart/shopping-cart-backend/src/application/productService.ts": {"path":"/home/randima/online-shopping-cart/shopping-cart-backend/src/application/productService.ts","statementMap":{"0":{"start":{"line":1,"column":0},"end":{"line":1,"column":33}},"1":{"start":{"line":3,"column":0},"end":{"line":3,"column":85}},"2":{"start":{"line":6,"column":0},"end":{"line":16,"column":null}},"3":{"start":{"line":7,"column":33},"end":{"line":7,"column":52}},"4":{"start":{"line":10,"column":8},"end":{"line":10,"column":61}},"5":{"start":{"line":14,"column":8},"end":{"line":14,"column":70}},"6":{"start":{"line":6,"column":13},"end":{"line":16,"column":null}},"7":{"start":{"line":6,"column":13},"end":{"line":6,"column":27}}},"fnMap":{"0":{"name":"(anonymous_9)","decl":{"start":{"line":7,"column":4},"end":{"line":7,"column":33}},"loc":{"start":{"line":7,"column":69},"end":{"line":7,"column":73}}},"1":{"name":"(anonymous_10)","decl":{"start":{"line":9,"column":10},"end":{"line":9,"column":24}},"loc":{"start":{"line":9,"column":24},"end":{"line":11,"column":null}}},"2":{"name":"(anonymous_12)","decl":{"start":{"line":13,"column":10},"end":{"line":13,"column":24}},"loc":{"start":{"line":13,"column":42},"end":{"line":15,"column":null}}}},"branchMap":{},"s":{"0":2,"1":2,"2":2,"3":1,"4":1,"5":1,"6":2,"7":2},"f":{"0":1,"1":1,"2":1},"b":{}}
,"/home/randima/online-shopping-cart/shopping-cart-backend/src/config/dataSource.ts": {"path":"/home/randima/online-shopping-cart/shopping-cart-backend/src/config/dataSource.ts","statementMap":{"0":{"start":{"line":1,"column":0},"end":{"line":1,"column":26}},"1":{"start":{"line":2,"column":0},"end":{"line":2,"column":37}},"2":{"start":{"line":5,"column":13},"end":{"line":15,"column":null}}},"fnMap":{},"branchMap":{},"s":{"0":9,"1":9,"2":9},"f":{},"b":{}}
,"/home/randima/online-shopping-cart/shopping-cart-backend/src/config/httpException.ts": {"path":"/home/randima/online-shopping-cart/shopping-cart-backend/src/config/httpException.ts","statementMap":{"0":{"start":{"line":5,"column":8},"end":{"line":5,"column":23}},"1":{"start":{"line":6,"column":8},"end":{"line":6,"column":37}},"2":{"start":{"line":1,"column":0},"end":{"line":1,"column":13}}},"fnMap":{"0":{"name":"(anonymous_0)","decl":{"start":{"line":4,"column":4},"end":{"line":4,"column":16}},"loc":{"start":{"line":4,"column":51},"end":{"line":7,"column":5}}}},"branchMap":{},"s":{"0":1,"1":1,"2":6},"f":{"0":1},"b":{}}
,"/home/randima/online-shopping-cart/shopping-cart-backend/src/domain/entities/cart.ts": {"path":"/home/randima/online-shopping-cart/shopping-cart-backend/src/domain/entities/cart.ts","statementMap":{"0":{"start":{"line":1,"column":0},"end":{"line":1,"column":null}},"1":{"start":{"line":9,"column":0},"end":{"line":9,"column":30}},"2":{"start":{"line":10,"column":0},"end":{"line":10,"column":38}},"3":{"start":{"line":13,"column":0},"end":{"line":25,"column":null}},"4":{"start":{"line":15,"column":4},"end":{"line":15,"column":null}},"5":{"start":{"line":20,"column":4},"end":{"line":20,"column":null}},"6":{"start":{"line":17,"column":20},"end":{"line":17,"column":24}},"7":{"start":{"line":23,"column":4},"end":{"line":23,"column":null}},"8":{"start":{"line":22,"column":21},"end":{"line":22,"column":29}},"9":{"start":{"line":22,"column":43},"end":{"line":22,"column":56}},"10":{"start":{"line":13,"column":13},"end":{"line":25,"column":null}},"11":{"start":{"line":13,"column":13},"end":{"line":13,"column":17}}},"fnMap":{"0":{"name":"(anonymous_2)","decl":{"start":{"line":17,"column":14},"end":{"line":17,"column":17}},"loc":{"start":{"line":17,"column":20},"end":{"line":17,"column":24}}},"1":{"name":"(anonymous_3)","decl":{"start":{"line":22,"column":15},"end":{"line":22,"column":18}},"loc":{"start":{"line":22,"column":21},"end":{"line":22,"column":29}}},"2":{"name":"(anonymous_4)","decl":{"start":{"line":22,"column":31},"end":{"line":22,"column":39}},"loc":{"start":{"line":22,"column":43},"end":{"line":22,"column":56}}}},"branchMap":{},"s":{"0":3,"1":3,"2":3,"3":3,"4":3,"5":3,"6":0,"7":3,"8":0,"9":0,"10":3,"11":3},"f":{"0":0,"1":0,"2":0},"b":{}}
,"/home/randima/online-shopping-cart/shopping-cart-backend/src/domain/entities/cartItem.ts": {"path":"/home/randima/online-shopping-cart/shopping-cart-backend/src/domain/entities/cartItem.ts","statementMap":{"0":{"start":{"line":1,"column":0},"end":{"line":1,"column":67}},"1":{"start":{"line":2,"column":0},"end":{"line":2,"column":30}},"2":{"start":{"line":5,"column":0},"end":{"line":18,"column":null}},"3":{"start":{"line":8,"column":4},"end":{"line":8,"column":null}},"4":{"start":{"line":11,"column":4},"end":{"line":11,"column":null}},"5":{"start":{"line":14,"column":4},"end":{"line":14,"column":null}},"6":{"start":{"line":17,"column":4},"end":{"line":17,"column":null}},"7":{"start":{"line":16,"column":21},"end":{"line":16,"column":25}},"8":{"start":{"line":16,"column":35},"end":{"line":16,"column":49}},"9":{"start":{"line":5,"column":13},"end":{"line":18,"column":null}},"10":{"start":{"line":5,"column":13},"end":{"line":5,"column":21}}},"fnMap":{"0":{"name":"(anonymous_2)","decl":{"start":{"line":16,"column":15},"end":{"line":16,"column":18}},"loc":{"start":{"line":16,"column":21},"end":{"line":16,"column":25}}},"1":{"name":"(anonymous_3)","decl":{"start":{"line":16,"column":27},"end":{"line":16,"column":31}},"loc":{"start":{"line":16,"column":35},"end":{"line":16,"column":49}}}},"branchMap":{},"s":{"0":3,"1":3,"2":3,"3":3,"4":3,"5":3,"6":3,"7":0,"8":0,"9":3,"10":3},"f":{"0":0,"1":0},"b":{}}
,"/home/randima/online-shopping-cart/shopping-cart-backend/src/domain/entities/category.ts": {"path":"/home/randima/online-shopping-cart/shopping-cart-backend/src/domain/entities/category.ts","statementMap":{"0":{"start":{"line":1,"column":0},"end":{"line":1,"column":76}},"1":{"start":{"line":2,"column":0},"end":{"line":2,"column":36}},"2":{"start":{"line":5,"column":0},"end":{"line":15,"column":null}},"3":{"start":{"line":7,"column":4},"end":{"line":7,"column":null}},"4":{"start":{"line":10,"column":4},"end":{"line":10,"column":null}},"5":{"start":{"line":13,"column":4},"end":{"line":13,"column":null}},"6":{"start":{"line":12,"column":25},"end":{"line":12,"column":32}},"7":{"start":{"line":12,"column":47},"end":{"line":12,"column":65}},"8":{"start":{"line":5,"column":13},"end":{"line":15,"column":null}},"9":{"start":{"line":5,"column":13},"end":{"line":5,"column":21}}},"fnMap":{"0":{"name":"(anonymous_2)","decl":{"start":{"line":12,"column":15},"end":{"line":12,"column":16}},"loc":{"start":{"line":12,"column":25},"end":{"line":12,"column":32}}},"1":{"name":"(anonymous_3)","decl":{"start":{"line":12,"column":34},"end":{"line":12,"column":35}},"loc":{"start":{"line":12,"column":47},"end":{"line":12,"column":65}}}},"branchMap":{},"s":{"0":9,"1":9,"2":9,"3":9,"4":9,"5":9,"6":0,"7":0,"8":9,"9":9},"f":{"0":0,"1":0},"b":{}}
,"/home/randima/online-shopping-cart/shopping-cart-backend/src/domain/entities/checkout.ts": {"path":"/home/randima/online-shopping-cart/shopping-cart-backend/src/domain/entities/checkout.ts","statementMap":{"0":{"start":{"line":1,"column":0},"end":{"line":1,"column":94}},"1":{"start":{"line":2,"column":0},"end":{"line":2,"column":30}},"2":{"start":{"line":5,"column":0},"end":{"line":24,"column":null}},"3":{"start":{"line":7,"column":4},"end":{"line":7,"column":null}},"4":{"start":{"line":10,"column":4},"end":{"line":10,"column":null}},"5":{"start":{"line":13,"column":4},"end":{"line":13,"column":null}},"6":{"start":{"line":16,"column":4},"end":{"line":16,"column":null}},"7":{"start":{"line":21,"column":4},"end":{"line":21,"column":null}},"8":{"start":{"line":18,"column":21},"end":{"line":18,"column":25}},"9":{"start":{"line":18,"column":37},"end":{"line":18,"column":51}},"10":{"start":{"line":5,"column":13},"end":{"line":24,"column":null}},"11":{"start":{"line":5,"column":13},"end":{"line":5,"column":21}}},"fnMap":{"0":{"name":"(anonymous_2)","decl":{"start":{"line":18,"column":15},"end":{"line":18,"column":18}},"loc":{"start":{"line":18,"column":21},"end":{"line":18,"column":25}}},"1":{"name":"(anonymous_3)","decl":{"start":{"line":18,"column":27},"end":{"line":18,"column":28}},"loc":{"start":{"line":18,"column":37},"end":{"line":18,"column":51}}}},"branchMap":{},"s":{"0":9,"1":9,"2":9,"3":9,"4":9,"5":9,"6":9,"7":9,"8":0,"9":0,"10":9,"11":9},"f":{"0":0,"1":0},"b":{}}
,"/home/randima/online-shopping-cart/shopping-cart-backend/src/domain/entities/product.ts": {"path":"/home/randima/online-shopping-cart/shopping-cart-backend/src/domain/entities/product.ts","statementMap":{"0":{"start":{"line":1,"column":0},"end":{"line":1,"column":null}},"1":{"start":{"line":10,"column":0},"end":{"line":10,"column":38}},"2":{"start":{"line":11,"column":0},"end":{"line":11,"column":38}},"3":{"start":{"line":14,"column":20},"end":{"line":47,"column":null}},"4":{"start":{"line":16,"column":4},"end":{"line":16,"column":null}},"5":{"start":{"line":19,"column":4},"end":{"line":19,"column":null}},"6":{"start":{"line":22,"column":4},"end":{"line":22,"column":null}},"7":{"start":{"line":25,"column":4},"end":{"line":25,"column":null}},"8":{"start":{"line":28,"column":4},"end":{"line":28,"column":null}},"9":{"start":{"line":31,"column":4},"end":{"line":31,"column":null}},"10":{"start":{"line":38,"column":4},"end":{"line":38,"column":null}},"11":{"start":{"line":33,"column":25},"end":{"line":33,"column":33}},"12":{"start":{"line":33,"column":49},"end":{"line":33,"column":66}},"13":{"start":{"line":42,"column":4},"end":{"line":42,"column":null}},"14":{"start":{"line":41,"column":21},"end":{"line":41,"column":28}},"15":{"start":{"line":41,"column":41},"end":{"line":41,"column":57}},"16":{"start":{"line":46,"column":4},"end":{"line":46,"column":null}},"17":{"start":{"line":44,"column":22},"end":{"line":44,"column":30}},"18":{"start":{"line":14,"column":13},"end":{"line":47,"column":null}},"19":{"start":{"line":14,"column":13},"end":{"line":14,"column":20}}},"fnMap":{"0":{"name":"(anonymous_2)","decl":{"start":{"line":33,"column":15},"end":{"line":33,"column":16}},"loc":{"start":{"line":33,"column":25},"end":{"line":33,"column":33}}},"1":{"name":"(anonymous_3)","decl":{"start":{"line":33,"column":35},"end":{"line":33,"column":36}},"loc":{"start":{"line":33,"column":49},"end":{"line":33,"column":66}}},"2":{"name":"(anonymous_4)","decl":{"start":{"line":41,"column":15},"end":{"line":41,"column":18}},"loc":{"start":{"line":41,"column":21},"end":{"line":41,"column":28}}},"3":{"name":"(anonymous_5)","decl":{"start":{"line":41,"column":30},"end":{"line":41,"column":37}},"loc":{"start":{"line":41,"column":41},"end":{"line":41,"column":57}}},"4":{"name":"(anonymous_6)","decl":{"start":{"line":44,"column":16},"end":{"line":44,"column":19}},"loc":{"start":{"line":44,"column":22},"end":{"line":44,"column":30}}}},"branchMap":{},"s":{"0":9,"1":9,"2":9,"3":9,"4":9,"5":9,"6":9,"7":9,"8":9,"9":9,"10":9,"11":0,"12":0,"13":9,"14":0,"15":0,"16":9,"17":0,"18":9,"19":9},"f":{"0":0,"1":0,"2":0,"3":0,"4":0},"b":{}}
,"/home/randima/online-shopping-cart/shopping-cart-backend/src/domain/entities/user.ts": {"path":"/home/randima/online-shopping-cart/shopping-cart-backend/src/domain/entities/user.ts","statementMap":{"0":{"start":{"line":1,"column":0},"end":{"line":1,"column":83}},"1":{"start":{"line":2,"column":0},"end":{"line":2,"column":38}},"2":{"start":{"line":5,"column":0},"end":{"line":34,"column":null}},"3":{"start":{"line":7,"column":4},"end":{"line":7,"column":null}},"4":{"start":{"line":10,"column":4},"end":{"line":10,"column":null}},"5":{"start":{"line":13,"column":4},"end":{"line":13,"column":null}},"6":{"start":{"line":17,"column":4},"end":{"line":17,"column":null}},"7":{"start":{"line":20,"column":4},"end":{"line":20,"column":null}},"8":{"start":{"line":23,"column":4},"end":{"line":23,"column":null}},"9":{"start":{"line":26,"column":4},"end":{"line":26,"column":null}},"10":{"start":{"line":29,"column":4},"end":{"line":29,"column":null}},"11":{"start":{"line":32,"column":4},"end":{"line":32,"column":null}},"12":{"start":{"line":31,"column":21},"end":{"line":31,"column":29}},"13":{"start":{"line":31,"column":45},"end":{"line":31,"column":59}},"14":{"start":{"line":5,"column":13},"end":{"line":34,"column":null}},"15":{"start":{"line":5,"column":13},"end":{"line":5,"column":17}}},"fnMap":{"0":{"name":"(anonymous_2)","decl":{"start":{"line":31,"column":15},"end":{"line":31,"column":18}},"loc":{"start":{"line":31,"column":21},"end":{"line":31,"column":29}}},"1":{"name":"(anonymous_3)","decl":{"start":{"line":31,"column":31},"end":{"line":31,"column":32}},"loc":{"start":{"line":31,"column":45},"end":{"line":31,"column":59}}}},"branchMap":{},"s":{"0":9,"1":9,"2":9,"3":9,"4":9,"5":9,"6":9,"7":9,"8":9,"9":9,"10":9,"11":9,"12":0,"13":0,"14":9,"15":9},"f":{"0":0,"1":0},"b":{}}
,"/home/randima/online-shopping-cart/shopping-cart-backend/src/infrastructure/repositories/cartRepository.ts": {"path":"/home/randima/online-shopping-cart/shopping-cart-backend/src/infrastructure/repositories/cartRepository.ts","statementMap":{"0":{"start":{"line":1,"column":0},"end":{"line":1,"column":33}},"1":{"start":{"line":2,"column":0},"end":{"line":2,"column":55}},"2":{"start":{"line":4,"column":0},"end":{"line":4,"column":58}},"3":{"start":{"line":5,"column":0},"end":{"line":5,"column":56}},"4":{"start":{"line":6,"column":0},"end":{"line":6,"column":59}},"5":{"start":{"line":9,"column":0},"end":{"line":72,"column":null}},"6":{"start":{"line":11,"column":48},"end":{"line":11,"column":62}},"7":{"start":{"line":13,"column":25},"end":{"line":13,"column":39}},"8":{"start":{"line":14,"column":8},"end":{"line":14,"column":33}},"9":{"start":{"line":15,"column":8},"end":{"line":15,"column":39}},"10":{"start":{"line":16,"column":8},"end":{"line":16,"column":37}},"11":{"start":{"line":18,"column":23},"end":{"line":18,"column":80}},"12":{"start":{"line":19,"column":8},"end":{"line":19,"column":22}},"13":{"start":{"line":23,"column":30},"end":{"line":28,"column":21}},"14":{"start":{"line":30,"column":8},"end":{"line":30,"column":29}},"15":{"start":{"line":35,"column":31},"end":{"line":35,"column":67}},"16":{"start":{"line":37,"column":29},"end":{"line":42,"column":10}},"17":{"start":{"line":43,"column":8},"end":{"line":48,"column":null}},"18":{"start":{"line":44,"column":12},"end":{"line":44,"column":76}},"19":{"start":{"line":46,"column":12},"end":{"line":46,"column":54}},"20":{"start":{"line":47,"column":12},"end":{"line":47,"column":null}},"21":{"start":{"line":52,"column":48},"end":{"line":52,"column":59}},"22":{"start":{"line":54,"column":25},"end":{"line":54,"column":39}},"23":{"start":{"line":55,"column":8},"end":{"line":55,"column":33}},"24":{"start":{"line":56,"column":8},"end":{"line":56,"column":39}},"25":{"start":{"line":57,"column":8},"end":{"line":57,"column":37}},"26":{"start":{"line":59,"column":29},"end":{"line":61,"column":10}},"27":{"start":{"line":63,"column":8},"end":{"line":69,"column":null}},"28":{"start":{"line":64,"column":12},"end":{"line":64,"column":79}},"29":{"start":{"line":65,"column":28},"end":{"line":65,"column":85}},"30":{"start":{"line":66,"column":12},"end":{"line":66,"column":27}},"31":{"start":{"line":68,"column":12},"end":{"line":68,"column":64}},"32":{"start":{"line":9,"column":13},"end":{"line":72,"column":null}},"33":{"start":{"line":9,"column":13},"end":{"line":9,"column":27}}},"fnMap":{"0":{"name":"(anonymous_8)","decl":{"start":{"line":10,"column":10},"end":{"line":10,"column":26}},"loc":{"start":{"line":10,"column":46},"end":{"line":20,"column":null}}},"1":{"name":"(anonymous_10)","decl":{"start":{"line":22,"column":10},"end":{"line":22,"column":18}},"loc":{"start":{"line":22,"column":33},"end":{"line":31,"column":null}}},"2":{"name":"(anonymous_12)","decl":{"start":{"line":33,"column":10},"end":{"line":33,"column":31}},"loc":{"start":{"line":33,"column":64},"end":{"line":49,"column":null}}},"3":{"name":"(anonymous_14)","decl":{"start":{"line":51,"column":10},"end":{"line":51,"column":20}},"loc":{"start":{"line":51,"column":37},"end":{"line":71,"column":null}}}},"branchMap":{"0":{"loc":{"start":{"line":43,"column":8},"end":{"line":48,"column":null}},"type":"if","locations":[{"start":{"line":43,"column":8},"end":{"line":48,"column":null}},{"start":{"line":45,"column":15},"end":{"line":48,"column":null}}]},"1":{"loc":{"start":{"line":63,"column":8},"end":{"line":69,"column":null}},"type":"if","locations":[{"start":{"line":63,"column":8},"end":{"line":69,"column":null}},{"start":{"line":67,"column":15},"end":{"line":69,"column":null}}]}},"s":{"0":3,"1":3,"2":3,"3":3,"4":3,"5":3,"6":1,"7":1,"8":1,"9":1,"10":1,"11":1,"12":1,"13":1,"14":1,"15":1,"16":1,"17":1,"18":0,"19":1,"20":1,"21":1,"22":1,"23":1,"24":1,"25":1,"26":1,"27":1,"28":1,"29":1,"30":1,"31":0,"32":3,"33":3},"f":{"0":1,"1":1,"2":1,"3":1},"b":{"0":[0,1],"1":[1,0]}}
,"/home/randima/online-shopping-cart/shopping-cart-backend/src/infrastructure/repositories/categoryRepository.ts": {"path":"/home/randima/online-shopping-cart/shopping-cart-backend/src/infrastructure/repositories/categoryRepository.ts","statementMap":{"0":{"start":{"line":1,"column":0},"end":{"line":1,"column":33}},"1":{"start":{"line":2,"column":0},"end":{"line":2,"column":55}},"2":{"start":{"line":4,"column":0},"end":{"line":4,"column":58}},"3":{"start":{"line":5,"column":0},"end":{"line":5,"column":56}},"4":{"start":{"line":6,"column":0},"end":{"line":6,"column":59}},"5":{"start":{"line":9,"column":0},"end":{"line":41,"column":null}},"6":{"start":{"line":11,"column":25},"end":{"line":13,"column":10}},"7":{"start":{"line":14,"column":8},"end":{"line":14,"column":null}},"8":{"start":{"line":18,"column":30},"end":{"line":18,"column":79}},"9":{"start":{"line":19,"column":8},"end":{"line":19,"column":29}},"10":{"start":{"line":24,"column":25},"end":{"line":26,"column":10}},"11":{"start":{"line":28,"column":8},"end":{"line":30,"column":null}},"12":{"start":{"line":29,"column":12},"end":{"line":29,"column":66}},"13":{"start":{"line":31,"column":33},"end":{"line":36,"column":21}},"14":{"start":{"line":38,"column":8},"end":{"line":38,"column":32}},"15":{"start":{"line":9,"column":13},"end":{"line":41,"column":null}},"16":{"start":{"line":9,"column":13},"end":{"line":9,"column":31}}},"fnMap":{"0":{"name":"(anonymous_8)","decl":{"start":{"line":10,"column":10},"end":{"line":10,"column":25}},"loc":{"start":{"line":10,"column":44},"end":{"line":15,"column":null}}},"1":{"name":"(anonymous_10)","decl":{"start":{"line":17,"column":10},"end":{"line":17,"column":26}},"loc":{"start":{"line":17,"column":26},"end":{"line":20,"column":null}}},"2":{"name":"(anonymous_12)","decl":{"start":{"line":22,"column":10},"end":{"line":22,"column":33}},"loc":{"start":{"line":22,"column":52},"end":{"line":40,"column":null}}}},"branchMap":{"0":{"loc":{"start":{"line":14,"column":15},"end":{"line":14,"column":36}},"type":"cond-expr","locations":[{"start":{"line":14,"column":15},"end":{"line":14,"column":23}},{"start":{"line":14,"column":27},"end":{"line":14,"column":36}}]},"1":{"loc":{"start":{"line":14,"column":15},"end":{"line":14,"column":27}},"type":"binary-expr","locations":[{"start":{"line":14,"column":15},"end":{"line":14,"column":27}},{"start":{"line":14,"column":15},"end":{"line":14,"column":27}}]},"2":{"loc":{"start":{"line":28,"column":8},"end":{"line":30,"column":null}},"type":"if","locations":[{"start":{"line":28,"column":8},"end":{"line":30,"column":null}}]}},"s":{"0":3,"1":3,"2":3,"3":3,"4":3,"5":3,"6":2,"7":2,"8":1,"9":1,"10":2,"11":2,"12":1,"13":1,"14":1,"15":3,"16":3},"f":{"0":2,"1":1,"2":2},"b":{"0":[1,1],"1":[2,2],"2":[1]}}
,"/home/randima/online-shopping-cart/shopping-cart-backend/src/infrastructure/repositories/productRepository.ts": {"path":"/home/randima/online-shopping-cart/shopping-cart-backend/src/infrastructure/repositories/productRepository.ts","statementMap":{"0":{"start":{"line":1,"column":0},"end":{"line":1,"column":33}},"1":{"start":{"line":2,"column":0},"end":{"line":2,"column":55}},"2":{"start":{"line":3,"column":0},"end":{"line":3,"column":56}},"3":{"start":{"line":7,"column":0},"end":{"line":19,"column":null}},"4":{"start":{"line":9,"column":28},"end":{"line":9,"column":76}},"5":{"start":{"line":10,"column":8},"end":{"line":10,"column":27}},"6":{"start":{"line":14,"column":24},"end":{"line":16,"column":10}},"7":{"start":{"line":17,"column":8},"end":{"line":17,"column":null}},"8":{"start":{"line":7,"column":13},"end":{"line":19,"column":null}},"9":{"start":{"line":7,"column":13},"end":{"line":7,"column":30}}},"fnMap":{"0":{"name":"(anonymous_8)","decl":{"start":{"line":8,"column":10},"end":{"line":8,"column":24}},"loc":{"start":{"line":8,"column":24},"end":{"line":11,"column":null}}},"1":{"name":"(anonymous_10)","decl":{"start":{"line":13,"column":10},"end":{"line":13,"column":24}},"loc":{"start":{"line":13,"column":42},"end":{"line":18,"column":null}}}},"branchMap":{"0":{"loc":{"start":{"line":17,"column":15},"end":{"line":17,"column":35}},"type":"cond-expr","locations":[{"start":{"line":17,"column":15},"end":{"line":17,"column":22}},{"start":{"line":17,"column":26},"end":{"line":17,"column":35}}]},"1":{"loc":{"start":{"line":17,"column":15},"end":{"line":17,"column":26}},"type":"binary-expr","locations":[{"start":{"line":17,"column":15},"end":{"line":17,"column":26}},{"start":{"line":17,"column":15},"end":{"line":17,"column":26}}]}},"s":{"0":3,"1":3,"2":3,"3":3,"4":1,"5":1,"6":2,"7":2,"8":3,"9":3},"f":{"0":1,"1":2},"b":{"0":[1,1],"1":[2,2]}}
,"/home/randima/online-shopping-cart/shopping-cart-backend/src/presentation/controllers/CartController.ts": {"path":"/home/randima/online-shopping-cart/shopping-cart-backend/src/presentation/controllers/CartController.ts","statementMap":{"0":{"start":{"line":1,"column":0},"end":{"line":1,"column":33}},"1":{"start":{"line":3,"column":0},"end":{"line":3,"column":60}},"2":{"start":{"line":6,"column":0},"end":{"line":60,"column":null}},"3":{"start":{"line":7,"column":24},"end":{"line":7,"column":41}},"4":{"start":{"line":10,"column":21},"end":{"line":10,"column":29}},"5":{"start":{"line":12,"column":8},"end":{"line":19,"column":null}},"6":{"start":{"line":13,"column":30},"end":{"line":13,"column":79}},"7":{"start":{"line":14,"column":12},"end":{"line":14,"column":88}},"8":{"start":{"line":16,"column":12},"end":{"line":16,"column":null}},"9":{"start":{"line":17,"column":12},"end":{"line":17,"column":22}},"10":{"start":{"line":23,"column":23},"end":{"line":23,"column":48}},"11":{"start":{"line":24,"column":21},"end":{"line":24,"column":64}},"12":{"start":{"line":26,"column":8},"end":{"line":31,"column":null}},"13":{"start":{"line":27,"column":12},"end":{"line":27,"column":null}},"14":{"start":{"line":29,"column":12},"end":{"line":29,"column":null}},"15":{"start":{"line":30,"column":12},"end":{"line":30,"column":null}},"16":{"start":{"line":35,"column":26},"end":{"line":35,"column":54}},"17":{"start":{"line":36,"column":23},"end":{"line":36,"column":48}},"18":{"start":{"line":37,"column":8},"end":{"line":42,"column":null}},"19":{"start":{"line":38,"column":32},"end":{"line":38,"column":99}},"20":{"start":{"line":39,"column":12},"end":{"line":39,"column":null}},"21":{"start":{"line":41,"column":12},"end":{"line":41,"column":22}},"22":{"start":{"line":46,"column":21},"end":{"line":46,"column":29}},"23":{"start":{"line":47,"column":26},"end":{"line":47,"column":52}},"24":{"start":{"line":48,"column":23},"end":{"line":48,"column":46}},"25":{"start":{"line":50,"column":8},"end":{"line":58,"column":null}},"26":{"start":{"line":51,"column":12},"end":{"line":53,"column":null}},"27":{"start":{"line":52,"column":16},"end":{"line":52,"column":null}},"28":{"start":{"line":54,"column":32},"end":{"line":54,"column":75}},"29":{"start":{"line":55,"column":12},"end":{"line":55,"column":null}},"30":{"start":{"line":57,"column":12},"end":{"line":57,"column":22}},"31":{"start":{"line":6,"column":13},"end":{"line":60,"column":null}},"32":{"start":{"line":6,"column":13},"end":{"line":6,"column":27}}},"fnMap":{"0":{"name":"(anonymous_9)","decl":{"start":{"line":7,"column":4},"end":{"line":7,"column":24}},"loc":{"start":{"line":7,"column":52},"end":{"line":7,"column":56}}},"1":{"name":"(anonymous_10)","decl":{"start":{"line":9,"column":10},"end":{"line":9,"column":21}},"loc":{"start":{"line":9,"column":69},"end":{"line":20,"column":null}}},"2":{"name":"(anonymous_12)","decl":{"start":{"line":22,"column":10},"end":{"line":22,"column":20}},"loc":{"start":{"line":22,"column":68},"end":{"line":32,"column":null}}},"3":{"name":"(anonymous_14)","decl":{"start":{"line":34,"column":10},"end":{"line":34,"column":33}},"loc":{"start":{"line":34,"column":81},"end":{"line":43,"column":null}}},"4":{"name":"(anonymous_16)","decl":{"start":{"line":45,"column":10},"end":{"line":45,"column":22}},"loc":{"start":{"line":45,"column":70},"end":{"line":59,"column":null}}}},"branchMap":{"0":{"loc":{"start":{"line":51,"column":12},"end":{"line":53,"column":null}},"type":"if","locations":[{"start":{"line":51,"column":12},"end":{"line":53,"column":null}}]},"1":{"loc":{"start":{"line":51,"column":16},"end":{"line":51,"column":37}},"type":"binary-expr","locations":[{"start":{"line":51,"column":16},"end":{"line":51,"column":26}},{"start":{"line":51,"column":30},"end":{"line":51,"column":37}}]}},"s":{"0":1,"1":1,"2":1,"3":1,"4":5,"5":5,"6":5,"7":1,"8":4,"9":4,"10":1,"11":1,"12":1,"13":1,"14":0,"15":0,"16":1,"17":1,"18":1,"19":1,"20":1,"21":0,"22":2,"23":2,"24":2,"25":2,"26":2,"27":0,"28":2,"29":2,"30":0,"31":1,"32":1},"f":{"0":1,"1":5,"2":1,"3":1,"4":2},"b":{"0":[0],"1":[2,2]}}
,"/home/randima/online-shopping-cart/shopping-cart-backend/src/presentation/controllers/CategoryController.ts": {"path":"/home/randima/online-shopping-cart/shopping-cart-backend/src/presentation/controllers/CategoryController.ts","statementMap":{"0":{"start":{"line":1,"column":0},"end":{"line":1,"column":33}},"1":{"start":{"line":3,"column":0},"end":{"line":3,"column":68}},"2":{"start":{"line":6,"column":0},"end":{"line":43,"column":null}},"3":{"start":{"line":7,"column":24},"end":{"line":7,"column":41}},"4":{"start":{"line":10,"column":8},"end":{"line":21,"column":null}},"5":{"start":{"line":11,"column":31},"end":{"line":11,"column":60}},"6":{"start":{"line":12,"column":29},"end":{"line":12,"column":83}},"7":{"start":{"line":13,"column":12},"end":{"line":17,"column":null}},"8":{"start":{"line":14,"column":16},"end":{"line":14,"column":null}},"9":{"start":{"line":16,"column":16},"end":{"line":16,"column":null}},"10":{"start":{"line":19,"column":12},"end":{"line":19,"column":69}},"11":{"start":{"line":20,"column":12},"end":{"line":20,"column":22}},"12":{"start":{"line":25,"column":8},"end":{"line":31,"column":null}},"13":{"start":{"line":26,"column":34},"end":{"line":26,"column":79}},"14":{"start":{"line":27,"column":12},"end":{"line":27,"column":null}},"15":{"start":{"line":29,"column":12},"end":{"line":29,"column":69}},"16":{"start":{"line":30,"column":12},"end":{"line":30,"column":22}},"17":{"start":{"line":35,"column":8},"end":{"line":41,"column":null}},"18":{"start":{"line":36,"column":31},"end":{"line":36,"column":60}},"19":{"start":{"line":37,"column":37},"end":{"line":37,"column":99}},"20":{"start":{"line":38,"column":12},"end":{"line":38,"column":null}},"21":{"start":{"line":40,"column":12},"end":{"line":40,"column":22}},"22":{"start":{"line":6,"column":13},"end":{"line":43,"column":null}},"23":{"start":{"line":6,"column":13},"end":{"line":6,"column":31}}},"fnMap":{"0":{"name":"(anonymous_9)","decl":{"start":{"line":7,"column":4},"end":{"line":7,"column":24}},"loc":{"start":{"line":7,"column":56},"end":{"line":7,"column":60}}},"1":{"name":"(anonymous_10)","decl":{"start":{"line":9,"column":10},"end":{"line":9,"column":27}},"loc":{"start":{"line":9,"column":75},"end":{"line":22,"column":null}}},"2":{"name":"(anonymous_12)","decl":{"start":{"line":24,"column":10},"end":{"line":24,"column":28}},"loc":{"start":{"line":24,"column":76},"end":{"line":32,"column":null}}},"3":{"name":"(anonymous_14)","decl":{"start":{"line":34,"column":10},"end":{"line":34,"column":35}},"loc":{"start":{"line":34,"column":83},"end":{"line":42,"column":null}}}},"branchMap":{"0":{"loc":{"start":{"line":13,"column":12},"end":{"line":17,"column":null}},"type":"if","locations":[{"start":{"line":13,"column":12},"end":{"line":17,"column":null}},{"start":{"line":15,"column":19},"end":{"line":17,"column":null}}]}},"s":{"0":1,"1":1,"2":1,"3":1,"4":3,"5":3,"6":3,"7":2,"8":1,"9":1,"10":1,"11":1,"12":2,"13":2,"14":1,"15":1,"16":1,"17":2,"18":2,"19":2,"20":1,"21":1,"22":1,"23":1},"f":{"0":1,"1":3,"2":2,"3":2},"b":{"0":[1,1]}}
,"/home/randima/online-shopping-cart/shopping-cart-backend/src/presentation/controllers/ProductController.ts": {"path":"/home/randima/online-shopping-cart/shopping-cart-backend/src/presentation/controllers/ProductController.ts","statementMap":{"0":{"start":{"line":1,"column":0},"end":{"line":1,"column":33}},"1":{"start":{"line":3,"column":0},"end":{"line":3,"column":66}},"2":{"start":{"line":6,"column":0},"end":{"line":33,"column":null}},"3":{"start":{"line":7,"column":24},"end":{"line":7,"column":40}},"4":{"start":{"line":10,"column":8},"end":{"line":16,"column":null}},"5":{"start":{"line":11,"column":32},"end":{"line":11,"column":74}},"6":{"start":{"line":12,"column":12},"end":{"line":12,"column":null}},"7":{"start":{"line":14,"column":12},"end":{"line":14,"column":null}},"8":{"start":{"line":15,"column":12},"end":{"line":15,"column":22}},"9":{"start":{"line":20,"column":8},"end":{"line":31,"column":null}},"10":{"start":{"line":21,"column":30},"end":{"line":21,"column":58}},"11":{"start":{"line":22,"column":28},"end":{"line":22,"column":79}},"12":{"start":{"line":23,"column":12},"end":{"line":27,"column":null}},"13":{"start":{"line":24,"column":16},"end":{"line":24,"column":null}},"14":{"start":{"line":26,"column":16},"end":{"line":26,"column":null}},"15":{"start":{"line":29,"column":12},"end":{"line":29,"column":null}},"16":{"start":{"line":30,"column":12},"end":{"line":30,"column":22}},"17":{"start":{"line":6,"column":13},"end":{"line":33,"column":null}},"18":{"start":{"line":6,"column":13},"end":{"line":6,"column":30}}},"fnMap":{"0":{"name":"(anonymous_9)","decl":{"start":{"line":7,"column":4},"end":{"line":7,"column":24}},"loc":{"start":{"line":7,"column":54},"end":{"line":7,"column":58}}},"1":{"name":"(anonymous_10)","decl":{"start":{"line":9,"column":10},"end":{"line":9,"column":26}},"loc":{"start":{"line":9,"column":74},"end":{"line":17,"column":null}}},"2":{"name":"(anonymous_12)","decl":{"start":{"line":19,"column":10},"end":{"line":19,"column":26}},"loc":{"start":{"line":19,"column":74},"end":{"line":32,"column":null}}}},"branchMap":{"0":{"loc":{"start":{"line":23,"column":12},"end":{"line":27,"column":null}},"type":"if","locations":[{"start":{"line":23,"column":12},"end":{"line":27,"column":null}},{"start":{"line":25,"column":19},"end":{"line":27,"column":null}}]}},"s":{"0":1,"1":1,"2":1,"3":1,"4":2,"5":2,"6":1,"7":1,"8":1,"9":3,"10":3,"11":3,"12":2,"13":1,"14":1,"15":1,"16":1,"17":1,"18":1},"f":{"0":1,"1":2,"2":3},"b":{"0":[1,1]}}
}
