TN:
SF:src/application/cartService.ts
FN:8,(anonymous_9)
FN:10,(anonymous_10)
FN:14,(anonymous_12)
FN:18,(anonymous_14)
FN:22,(anonymous_16)
FNF:5
FNH:5
FNDA:1,(anonymous_9)
FNDA:1,(anonymous_10)
FNDA:1,(anonymous_12)
FNDA:1,(anonymous_14)
FNDA:1,(anonymous_16)
DA:1,2
DA:4,2
DA:7,2
DA:8,1
DA:11,1
DA:15,1
DA:19,1
DA:23,1
LF:8
LH:8
BRF:0
BRH:0
end_of_record
TN:
SF:src/application/categoryService.ts
FN:8,(anonymous_9)
FN:10,(anonymous_10)
FN:14,(anonymous_12)
FN:18,(anonymous_14)
FNF:4
FNH:4
FNDA:1,(anonymous_9)
FNDA:1,(anonymous_10)
FNDA:1,(anonymous_12)
FNDA:1,(anonymous_14)
DA:1,2
DA:3,2
DA:7,2
DA:8,1
DA:11,1
DA:15,1
DA:19,1
LF:7
LH:7
BRF:0
BRH:0
end_of_record
TN:
SF:src/application/productService.ts
FN:7,(anonymous_9)
FN:9,(anonymous_10)
FN:13,(anonymous_12)
FNF:3
FNH:3
FNDA:1,(anonymous_9)
FNDA:1,(anonymous_10)
FNDA:1,(anonymous_12)
DA:1,2
DA:3,2
DA:6,2
DA:7,1
DA:10,1
DA:14,1
LF:6
LH:6
BRF:0
BRH:0
end_of_record
TN:
SF:src/config/dataSource.ts
FNF:0
FNH:0
DA:1,9
DA:2,9
DA:5,9
LF:3
LH:3
BRF:0
BRH:0
end_of_record
TN:
SF:src/config/httpException.ts
FN:4,(anonymous_0)
FNF:1
FNH:1
FNDA:1,(anonymous_0)
DA:1,6
DA:5,1
DA:6,1
LF:3
LH:3
BRF:0
BRH:0
end_of_record
TN:
SF:src/domain/entities/cart.ts
FN:17,(anonymous_2)
FN:22,(anonymous_3)
FN:22,(anonymous_4)
FNF:3
FNH:0
FNDA:0,(anonymous_2)
FNDA:0,(anonymous_3)
FNDA:0,(anonymous_4)
DA:1,3
DA:9,3
DA:10,3
DA:13,3
DA:15,3
DA:17,0
DA:20,3
DA:22,0
DA:23,3
LF:9
LH:7
BRF:0
BRH:0
end_of_record
TN:
SF:src/domain/entities/cartItem.ts
FN:16,(anonymous_2)
FN:16,(anonymous_3)
FNF:2
FNH:0
FNDA:0,(anonymous_2)
FNDA:0,(anonymous_3)
DA:1,3
DA:2,3
DA:5,3
DA:8,3
DA:11,3
DA:14,3
DA:16,0
DA:17,3
LF:8
LH:7
BRF:0
BRH:0
end_of_record
TN:
SF:src/domain/entities/category.ts
FN:12,(anonymous_2)
FN:12,(anonymous_3)
FNF:2
FNH:0
FNDA:0,(anonymous_2)
FNDA:0,(anonymous_3)
DA:1,9
DA:2,9
DA:5,9
DA:7,9
DA:10,9
DA:12,0
DA:13,9
LF:7
LH:6
BRF:0
BRH:0
end_of_record
TN:
SF:src/domain/entities/checkout.ts
FN:18,(anonymous_2)
FN:18,(anonymous_3)
FNF:2
FNH:0
FNDA:0,(anonymous_2)
FNDA:0,(anonymous_3)
DA:1,9
DA:2,9
DA:5,9
DA:7,9
DA:10,9
DA:13,9
DA:16,9
DA:18,0
DA:21,9
LF:9
LH:8
BRF:0
BRH:0
end_of_record
TN:
SF:src/domain/entities/product.ts
FN:33,(anonymous_2)
FN:33,(anonymous_3)
FN:41,(anonymous_4)
FN:41,(anonymous_5)
FN:44,(anonymous_6)
FNF:5
FNH:0
FNDA:0,(anonymous_2)
FNDA:0,(anonymous_3)
FNDA:0,(anonymous_4)
FNDA:0,(anonymous_5)
FNDA:0,(anonymous_6)
DA:1,9
DA:10,9
DA:11,9
DA:14,9
DA:16,9
DA:19,9
DA:22,9
DA:25,9
DA:28,9
DA:31,9
DA:33,0
DA:38,9
DA:41,0
DA:42,9
DA:44,0
DA:46,9
LF:16
LH:13
BRF:0
BRH:0
end_of_record
TN:
SF:src/domain/entities/user.ts
FN:31,(anonymous_2)
FN:31,(anonymous_3)
FNF:2
FNH:0
FNDA:0,(anonymous_2)
FNDA:0,(anonymous_3)
DA:1,9
DA:2,9
DA:5,9
DA:7,9
DA:10,9
DA:13,9
DA:17,9
DA:20,9
DA:23,9
DA:26,9
DA:29,9
DA:31,0
DA:32,9
LF:13
LH:12
BRF:0
BRH:0
end_of_record
TN:
SF:src/infrastructure/repositories/cartRepository.ts
FN:10,(anonymous_8)
FN:22,(anonymous_10)
FN:33,(anonymous_12)
FN:51,(anonymous_14)
FNF:4
FNH:4
FNDA:1,(anonymous_8)
FNDA:1,(anonymous_10)
FNDA:1,(anonymous_12)
FNDA:1,(anonymous_14)
DA:1,3
DA:2,3
DA:4,3
DA:5,3
DA:6,3
DA:9,3
DA:11,1
DA:13,1
DA:14,1
DA:15,1
DA:16,1
DA:18,1
DA:19,1
DA:23,1
DA:30,1
DA:35,1
DA:37,1
DA:43,1
DA:44,0
DA:46,1
DA:47,1
DA:52,1
DA:54,1
DA:55,1
DA:56,1
DA:57,1
DA:59,1
DA:63,1
DA:64,1
DA:65,1
DA:66,1
DA:68,0
LF:32
LH:30
BRDA:43,0,0,0
BRDA:43,0,1,1
BRDA:63,1,0,1
BRDA:63,1,1,0
BRF:4
BRH:2
end_of_record
TN:
SF:src/infrastructure/repositories/categoryRepository.ts
FN:10,(anonymous_8)
FN:17,(anonymous_10)
FN:22,(anonymous_12)
FNF:3
FNH:3
FNDA:2,(anonymous_8)
FNDA:1,(anonymous_10)
FNDA:2,(anonymous_12)
DA:1,3
DA:2,3
DA:4,3
DA:5,3
DA:6,3
DA:9,3
DA:11,2
DA:14,2
DA:18,1
DA:19,1
DA:24,2
DA:28,2
DA:29,1
DA:31,1
DA:38,1
LF:15
LH:15
BRDA:14,0,0,1
BRDA:14,0,1,1
BRDA:14,1,0,2
BRDA:14,1,1,2
BRDA:28,2,0,1
BRF:5
BRH:5
end_of_record
TN:
SF:src/infrastructure/repositories/productRepository.ts
FN:8,(anonymous_8)
FN:13,(anonymous_10)
FNF:2
FNH:2
FNDA:1,(anonymous_8)
FNDA:2,(anonymous_10)
DA:1,3
DA:2,3
DA:3,3
DA:7,3
DA:9,1
DA:10,1
DA:14,2
DA:17,2
LF:8
LH:8
BRDA:17,0,0,1
BRDA:17,0,1,1
BRDA:17,1,0,2
BRDA:17,1,1,2
BRF:4
BRH:4
end_of_record
TN:
SF:src/presentation/controllers/CartController.ts
FN:7,(anonymous_9)
FN:9,(anonymous_10)
FN:22,(anonymous_12)
FN:34,(anonymous_14)
FN:45,(anonymous_16)
FNF:5
FNH:5
FNDA:1,(anonymous_9)
FNDA:5,(anonymous_10)
FNDA:1,(anonymous_12)
FNDA:1,(anonymous_14)
FNDA:2,(anonymous_16)
DA:1,1
DA:3,1
DA:6,1
DA:7,1
DA:10,5
DA:12,5
DA:13,5
DA:14,1
DA:16,4
DA:17,4
DA:23,1
DA:24,1
DA:26,1
DA:27,1
DA:29,0
DA:30,0
DA:35,1
DA:36,1
DA:37,1
DA:38,1
DA:39,1
DA:41,0
DA:46,2
DA:47,2
DA:48,2
DA:50,2
DA:51,2
DA:52,0
DA:54,2
DA:55,2
DA:57,0
LF:31
LH:26
BRDA:51,0,0,0
BRDA:51,1,0,2
BRDA:51,1,1,2
BRF:3
BRH:2
end_of_record
TN:
SF:src/presentation/controllers/CategoryController.ts
FN:7,(anonymous_9)
FN:9,(anonymous_10)
FN:24,(anonymous_12)
FN:34,(anonymous_14)
FNF:4
FNH:4
FNDA:1,(anonymous_9)
FNDA:3,(anonymous_10)
FNDA:2,(anonymous_12)
FNDA:2,(anonymous_14)
DA:1,1
DA:3,1
DA:6,1
DA:7,1
DA:10,3
DA:11,3
DA:12,3
DA:13,2
DA:14,1
DA:16,1
DA:19,1
DA:20,1
DA:25,2
DA:26,2
DA:27,1
DA:29,1
DA:30,1
DA:35,2
DA:36,2
DA:37,2
DA:38,1
DA:40,1
LF:22
LH:22
BRDA:13,0,0,1
BRDA:13,0,1,1
BRF:2
BRH:2
end_of_record
TN:
SF:src/presentation/controllers/ProductController.ts
FN:7,(anonymous_9)
FN:9,(anonymous_10)
FN:19,(anonymous_12)
FNF:3
FNH:3
FNDA:1,(anonymous_9)
FNDA:2,(anonymous_10)
FNDA:3,(anonymous_12)
DA:1,1
DA:3,1
DA:6,1
DA:7,1
DA:10,2
DA:11,2
DA:12,1
DA:14,1
DA:15,1
DA:20,3
DA:21,3
DA:22,3
DA:23,2
DA:24,1
DA:26,1
DA:29,1
DA:30,1
LF:17
LH:17
BRDA:23,0,0,1
BRDA:23,0,1,1
BRF:2
BRH:2
end_of_record
