TN:
SF:src/application/productService.ts
FN:7,(anonymous_9)
FN:9,(anonymous_10)
FN:13,(anonymous_12)
FNF:3
FNH:3
FNDA:1,(anonymous_9)
FNDA:1,(anonymous_10)
FNDA:1,(anonymous_12)
DA:3,1
DA:6,1
DA:7,1
DA:10,1
DA:14,1
LF:5
LH:5
BRF:0
BRH:0
end_of_record
TN:
SF:src/config/dataSource.ts
FNF:0
FNH:0
DA:1,1
DA:2,1
DA:5,1
LF:3
LH:3
BRF:0
BRH:0
end_of_record
TN:
SF:src/domain/entities/category.ts
FN:12,(anonymous_2)
FN:12,(anonymous_3)
FNF:2
FNH:0
FNDA:0,(anonymous_2)
FNDA:0,(anonymous_3)
DA:1,1
DA:2,1
DA:5,1
DA:7,1
DA:10,1
DA:12,0
DA:13,1
LF:7
LH:6
BRF:0
BRH:0
end_of_record
TN:
SF:src/domain/entities/checkout.ts
FN:23,(anonymous_2)
FN:23,(anonymous_3)
FNF:2
FNH:0
FNDA:0,(anonymous_2)
FNDA:0,(anonymous_3)
DA:1,1
DA:3,1
DA:6,1
DA:8,1
DA:11,1
DA:14,1
DA:17,1
DA:23,0
DA:26,1
LF:9
LH:8
BRF:0
BRH:0
end_of_record
TN:
SF:src/domain/entities/product.ts
FN:33,(anonymous_2)
FN:33,(anonymous_3)
FN:41,(anonymous_4)
FN:41,(anonymous_5)
FN:44,(anonymous_6)
FNF:5
FNH:0
FNDA:0,(anonymous_2)
FNDA:0,(anonymous_3)
FNDA:0,(anonymous_4)
FNDA:0,(anonymous_5)
FNDA:0,(anonymous_6)
DA:1,1
DA:10,1
DA:11,1
DA:14,1
DA:16,1
DA:19,1
DA:22,1
DA:25,1
DA:28,1
DA:31,1
DA:33,0
DA:38,1
DA:41,0
DA:42,1
DA:44,0
DA:46,1
LF:16
LH:13
BRF:0
BRH:0
end_of_record
TN:
SF:src/domain/entities/user.ts
FN:31,(anonymous_2)
FN:31,(anonymous_3)
FNF:2
FNH:0
FNDA:0,(anonymous_2)
FNDA:0,(anonymous_3)
DA:1,1
DA:2,1
DA:5,1
DA:7,1
DA:10,1
DA:13,1
DA:17,1
DA:20,1
DA:23,1
DA:26,1
DA:29,1
DA:31,0
DA:32,1
LF:13
LH:12
BRF:0
BRH:0
end_of_record
TN:
SF:src/infrastructure/repositories/productRepository.ts
FN:9,(anonymous_7)
FN:14,(anonymous_9)
FNF:2
FNH:2
FNDA:1,(anonymous_7)
FNDA:2,(anonymous_9)
DA:1,1
DA:2,1
DA:5,1
DA:10,1
DA:11,1
DA:15,2
DA:18,2
LF:7
LH:7
BRDA:18,0,0,1
BRDA:18,0,1,1
BRF:2
BRH:2
end_of_record
TN:
SF:src/presentation/controllers/ProductController.ts
FN:5,(anonymous_7)
FN:7,(anonymous_8)
FN:17,(anonymous_10)
FNF:3
FNH:3
FNDA:1,(anonymous_7)
FNDA:2,(anonymous_8)
FNDA:3,(anonymous_10)
DA:4,1
DA:5,1
DA:8,2
DA:9,2
DA:10,1
DA:12,1
DA:13,1
DA:18,3
DA:19,3
DA:20,3
DA:21,2
DA:22,1
DA:24,1
DA:27,1
DA:28,1
LF:15
LH:15
BRDA:21,0,0,1
BRDA:21,0,1,1
BRF:2
BRH:2
end_of_record
